[2020-06-03 09:41:55,375] {taskinstance.py:655} INFO - Dependencies all met for <TaskInstance: covid_dag.covid_data 2020-05-31T21:00:00+00:00 [queued]>
[2020-06-03 09:41:55,385] {taskinstance.py:655} INFO - Dependencies all met for <TaskInstance: covid_dag.covid_data 2020-05-31T21:00:00+00:00 [queued]>
[2020-06-03 09:41:55,385] {taskinstance.py:866} INFO - 
--------------------------------------------------------------------------------
[2020-06-03 09:41:55,385] {taskinstance.py:867} INFO - Starting attempt 1 of 3
[2020-06-03 09:41:55,386] {taskinstance.py:868} INFO - 
--------------------------------------------------------------------------------
[2020-06-03 09:41:55,403] {taskinstance.py:887} INFO - Executing <Task(PythonOperator): covid_data> on 2020-05-31T21:00:00+00:00
[2020-06-03 09:41:55,406] {standard_task_runner.py:53} INFO - Started process 9878 to run task
[2020-06-03 09:41:55,471] {logging_mixin.py:112} INFO - Running %s on host %s <TaskInstance: covid_dag.covid_data 2020-05-31T21:00:00+00:00 [running]> nineleaps
[2020-06-03 09:41:59,260] {logging_mixin.py:112} INFO - csv loaded successfully.
[2020-06-03 09:41:59,261] {python_operator.py:114} INFO - Done. Returned value was: None
[2020-06-03 09:41:59,272] {taskinstance.py:1048} INFO - Marking task as SUCCESS.dag_id=covid_dag, task_id=covid_data, execution_date=20200531T210000, start_date=20200603T041155, end_date=20200603T041159
[2020-06-03 09:42:05,369] {logging_mixin.py:112} INFO - [2020-06-03 09:42:05,368] {local_task_job.py:103} INFO - Task exited with return code 0
[2020-06-03 10:01:27,394] {taskinstance.py:655} INFO - Dependencies all met for <TaskInstance: covid_dag.covid_data 2020-05-31T21:00:00+00:00 [queued]>
[2020-06-03 10:01:27,403] {taskinstance.py:655} INFO - Dependencies all met for <TaskInstance: covid_dag.covid_data 2020-05-31T21:00:00+00:00 [queued]>
[2020-06-03 10:01:27,403] {taskinstance.py:866} INFO - 
--------------------------------------------------------------------------------
[2020-06-03 10:01:27,403] {taskinstance.py:867} INFO - Starting attempt 1 of 3
[2020-06-03 10:01:27,403] {taskinstance.py:868} INFO - 
--------------------------------------------------------------------------------
[2020-06-03 10:01:27,421] {taskinstance.py:887} INFO - Executing <Task(PythonOperator): covid_data> on 2020-05-31T21:00:00+00:00
[2020-06-03 10:01:27,424] {standard_task_runner.py:53} INFO - Started process 12499 to run task
[2020-06-03 10:01:27,506] {logging_mixin.py:112} INFO - Running %s on host %s <TaskInstance: covid_dag.covid_data 2020-05-31T21:00:00+00:00 [running]> nineleaps
[2020-06-03 10:01:30,103] {logging_mixin.py:112} INFO - csv loaded successfully.
[2020-06-03 10:01:30,104] {python_operator.py:114} INFO - Done. Returned value was: None
[2020-06-03 10:01:30,112] {taskinstance.py:1048} INFO - Marking task as SUCCESS.dag_id=covid_dag, task_id=covid_data, execution_date=20200531T210000, start_date=20200603T043127, end_date=20200603T043130
[2020-06-03 10:01:37,387] {logging_mixin.py:112} INFO - [2020-06-03 10:01:37,386] {local_task_job.py:103} INFO - Task exited with return code 0
[2020-06-03 10:08:58,210] {taskinstance.py:655} INFO - Dependencies all met for <TaskInstance: covid_dag.covid_data 2020-05-31T21:00:00+00:00 [queued]>
[2020-06-03 10:08:58,219] {taskinstance.py:655} INFO - Dependencies all met for <TaskInstance: covid_dag.covid_data 2020-05-31T21:00:00+00:00 [queued]>
[2020-06-03 10:08:58,219] {taskinstance.py:866} INFO - 
--------------------------------------------------------------------------------
[2020-06-03 10:08:58,219] {taskinstance.py:867} INFO - Starting attempt 1 of 3
[2020-06-03 10:08:58,219] {taskinstance.py:868} INFO - 
--------------------------------------------------------------------------------
[2020-06-03 10:08:58,236] {taskinstance.py:887} INFO - Executing <Task(PythonOperator): covid_data> on 2020-05-31T21:00:00+00:00
[2020-06-03 10:08:58,239] {standard_task_runner.py:53} INFO - Started process 13480 to run task
[2020-06-03 10:08:58,306] {logging_mixin.py:112} INFO - Running %s on host %s <TaskInstance: covid_dag.covid_data 2020-05-31T21:00:00+00:00 [running]> nineleaps
[2020-06-03 10:09:01,208] {logging_mixin.py:112} INFO - csv loaded successfully.
[2020-06-03 10:09:01,209] {python_operator.py:114} INFO - Done. Returned value was: None
[2020-06-03 10:09:01,216] {taskinstance.py:1048} INFO - Marking task as SUCCESS.dag_id=covid_dag, task_id=covid_data, execution_date=20200531T210000, start_date=20200603T043858, end_date=20200603T043901
[2020-06-03 10:09:08,197] {logging_mixin.py:112} INFO - [2020-06-03 10:09:08,196] {local_task_job.py:103} INFO - Task exited with return code 0
[2020-06-03 10:52:26,279] {taskinstance.py:655} INFO - Dependencies all met for <TaskInstance: covid_dag.covid_data 2020-05-31T21:00:00+00:00 [queued]>
[2020-06-03 10:52:26,291] {taskinstance.py:655} INFO - Dependencies all met for <TaskInstance: covid_dag.covid_data 2020-05-31T21:00:00+00:00 [queued]>
[2020-06-03 10:52:26,291] {taskinstance.py:866} INFO - 
--------------------------------------------------------------------------------
[2020-06-03 10:52:26,291] {taskinstance.py:867} INFO - Starting attempt 1 of 3
[2020-06-03 10:52:26,291] {taskinstance.py:868} INFO - 
--------------------------------------------------------------------------------
[2020-06-03 10:52:26,307] {taskinstance.py:887} INFO - Executing <Task(PythonOperator): covid_data> on 2020-05-31T21:00:00+00:00
[2020-06-03 10:52:26,312] {standard_task_runner.py:53} INFO - Started process 18579 to run task
[2020-06-03 10:52:26,381] {logging_mixin.py:112} INFO - Running %s on host %s <TaskInstance: covid_dag.covid_data 2020-05-31T21:00:00+00:00 [running]> nineleaps
[2020-06-03 10:52:30,321] {logging_mixin.py:112} INFO - csv loaded successfully.
[2020-06-03 10:52:30,322] {python_operator.py:114} INFO - Done. Returned value was: None
[2020-06-03 10:52:30,333] {taskinstance.py:1048} INFO - Marking task as SUCCESS.dag_id=covid_dag, task_id=covid_data, execution_date=20200531T210000, start_date=20200603T052226, end_date=20200603T052230
[2020-06-03 10:52:36,272] {logging_mixin.py:112} INFO - [2020-06-03 10:52:36,271] {local_task_job.py:103} INFO - Task exited with return code 0
