[2020-06-03 09:42:22,427] {taskinstance.py:655} INFO - Dependencies all met for <TaskInstance: covid_dag.covid_data 2020-06-01T21:00:00+00:00 [queued]>
[2020-06-03 09:42:22,434] {taskinstance.py:655} INFO - Dependencies all met for <TaskInstance: covid_dag.covid_data 2020-06-01T21:00:00+00:00 [queued]>
[2020-06-03 09:42:22,434] {taskinstance.py:866} INFO - 
--------------------------------------------------------------------------------
[2020-06-03 09:42:22,434] {taskinstance.py:867} INFO - Starting attempt 1 of 3
[2020-06-03 09:42:22,434] {taskinstance.py:868} INFO - 
--------------------------------------------------------------------------------
[2020-06-03 09:42:22,450] {taskinstance.py:887} INFO - Executing <Task(PythonOperator): covid_data> on 2020-06-01T21:00:00+00:00
[2020-06-03 09:42:22,457] {standard_task_runner.py:53} INFO - Started process 9961 to run task
[2020-06-03 09:42:22,521] {logging_mixin.py:112} INFO - Running %s on host %s <TaskInstance: covid_dag.covid_data 2020-06-01T21:00:00+00:00 [running]> nineleaps
[2020-06-03 09:42:27,354] {logging_mixin.py:112} INFO - csv loaded successfully.
[2020-06-03 09:42:27,355] {python_operator.py:114} INFO - Done. Returned value was: None
[2020-06-03 09:42:27,367] {taskinstance.py:1048} INFO - Marking task as SUCCESS.dag_id=covid_dag, task_id=covid_data, execution_date=20200601T210000, start_date=20200603T041222, end_date=20200603T041227
[2020-06-03 09:42:32,416] {logging_mixin.py:112} INFO - [2020-06-03 09:42:32,415] {local_task_job.py:103} INFO - Task exited with return code 0
[2020-06-03 10:01:55,391] {taskinstance.py:655} INFO - Dependencies all met for <TaskInstance: covid_dag.covid_data 2020-06-01T21:00:00+00:00 [queued]>
[2020-06-03 10:01:55,405] {taskinstance.py:655} INFO - Dependencies all met for <TaskInstance: covid_dag.covid_data 2020-06-01T21:00:00+00:00 [queued]>
[2020-06-03 10:01:55,406] {taskinstance.py:866} INFO - 
--------------------------------------------------------------------------------
[2020-06-03 10:01:55,406] {taskinstance.py:867} INFO - Starting attempt 1 of 3
[2020-06-03 10:01:55,406] {taskinstance.py:868} INFO - 
--------------------------------------------------------------------------------
[2020-06-03 10:01:55,427] {taskinstance.py:887} INFO - Executing <Task(PythonOperator): covid_data> on 2020-06-01T21:00:00+00:00
[2020-06-03 10:01:55,434] {standard_task_runner.py:53} INFO - Started process 12593 to run task
[2020-06-03 10:01:55,557] {logging_mixin.py:112} INFO - Running %s on host %s <TaskInstance: covid_dag.covid_data 2020-06-01T21:00:00+00:00 [running]> nineleaps
[2020-06-03 10:01:58,032] {logging_mixin.py:112} INFO - csv loaded successfully.
[2020-06-03 10:01:58,033] {python_operator.py:114} INFO - Done. Returned value was: None
[2020-06-03 10:01:58,051] {taskinstance.py:1048} INFO - Marking task as SUCCESS.dag_id=covid_dag, task_id=covid_data, execution_date=20200601T210000, start_date=20200603T043155, end_date=20200603T043158
[2020-06-03 10:02:05,376] {logging_mixin.py:112} INFO - [2020-06-03 10:02:05,375] {local_task_job.py:103} INFO - Task exited with return code 0
[2020-06-03 10:09:30,732] {taskinstance.py:655} INFO - Dependencies all met for <TaskInstance: covid_dag.covid_data 2020-06-01T21:00:00+00:00 [queued]>
[2020-06-03 10:09:30,742] {taskinstance.py:655} INFO - Dependencies all met for <TaskInstance: covid_dag.covid_data 2020-06-01T21:00:00+00:00 [queued]>
[2020-06-03 10:09:30,742] {taskinstance.py:866} INFO - 
--------------------------------------------------------------------------------
[2020-06-03 10:09:30,743] {taskinstance.py:867} INFO - Starting attempt 1 of 3
[2020-06-03 10:09:30,743] {taskinstance.py:868} INFO - 
--------------------------------------------------------------------------------
[2020-06-03 10:09:30,760] {taskinstance.py:887} INFO - Executing <Task(PythonOperator): covid_data> on 2020-06-01T21:00:00+00:00
[2020-06-03 10:09:30,763] {standard_task_runner.py:53} INFO - Started process 13541 to run task
[2020-06-03 10:09:30,832] {logging_mixin.py:112} INFO - Running %s on host %s <TaskInstance: covid_dag.covid_data 2020-06-01T21:00:00+00:00 [running]> nineleaps
[2020-06-03 10:09:34,284] {logging_mixin.py:112} INFO - csv loaded successfully.
[2020-06-03 10:09:34,285] {python_operator.py:114} INFO - Done. Returned value was: None
[2020-06-03 10:09:34,295] {taskinstance.py:1048} INFO - Marking task as SUCCESS.dag_id=covid_dag, task_id=covid_data, execution_date=20200601T210000, start_date=20200603T043930, end_date=20200603T043934
[2020-06-03 10:09:40,720] {logging_mixin.py:112} INFO - [2020-06-03 10:09:40,719] {local_task_job.py:103} INFO - Task exited with return code 0
[2020-06-03 10:52:58,219] {taskinstance.py:655} INFO - Dependencies all met for <TaskInstance: covid_dag.covid_data 2020-06-01T21:00:00+00:00 [queued]>
[2020-06-03 10:52:58,232] {taskinstance.py:655} INFO - Dependencies all met for <TaskInstance: covid_dag.covid_data 2020-06-01T21:00:00+00:00 [queued]>
[2020-06-03 10:52:58,232] {taskinstance.py:866} INFO - 
--------------------------------------------------------------------------------
[2020-06-03 10:52:58,232] {taskinstance.py:867} INFO - Starting attempt 1 of 3
[2020-06-03 10:52:58,232] {taskinstance.py:868} INFO - 
--------------------------------------------------------------------------------
[2020-06-03 10:52:58,247] {taskinstance.py:887} INFO - Executing <Task(PythonOperator): covid_data> on 2020-06-01T21:00:00+00:00
[2020-06-03 10:52:58,250] {standard_task_runner.py:53} INFO - Started process 18640 to run task
[2020-06-03 10:52:58,325] {logging_mixin.py:112} INFO - Running %s on host %s <TaskInstance: covid_dag.covid_data 2020-06-01T21:00:00+00:00 [running]> nineleaps
[2020-06-03 10:53:01,452] {logging_mixin.py:112} INFO - csv loaded successfully.
[2020-06-03 10:53:01,453] {python_operator.py:114} INFO - Done. Returned value was: None
[2020-06-03 10:53:01,464] {taskinstance.py:1048} INFO - Marking task as SUCCESS.dag_id=covid_dag, task_id=covid_data, execution_date=20200601T210000, start_date=20200603T052258, end_date=20200603T052301
[2020-06-03 10:53:08,208] {logging_mixin.py:112} INFO - [2020-06-03 10:53:08,207] {local_task_job.py:103} INFO - Task exited with return code 0
