[2020-06-03 09:42:34,512] {taskinstance.py:655} INFO - Dependencies all met for <TaskInstance: covid_dag.big_query 2020-05-31T21:00:00+00:00 [queued]>
[2020-06-03 09:42:34,522] {taskinstance.py:655} INFO - Dependencies all met for <TaskInstance: covid_dag.big_query 2020-05-31T21:00:00+00:00 [queued]>
[2020-06-03 09:42:34,522] {taskinstance.py:866} INFO - 
--------------------------------------------------------------------------------
[2020-06-03 09:42:34,522] {taskinstance.py:867} INFO - Starting attempt 1 of 3
[2020-06-03 09:42:34,523] {taskinstance.py:868} INFO - 
--------------------------------------------------------------------------------
[2020-06-03 09:42:34,539] {taskinstance.py:887} INFO - Executing <Task(PythonOperator): big_query> on 2020-05-31T21:00:00+00:00
[2020-06-03 09:42:34,542] {standard_task_runner.py:53} INFO - Started process 9983 to run task
[2020-06-03 09:42:34,603] {logging_mixin.py:112} INFO - Running %s on host %s <TaskInstance: covid_dag.big_query 2020-05-31T21:00:00+00:00 [running]> nineleaps
[2020-06-03 09:42:34,615] {logging_mixin.py:112} INFO - Dataset(DatasetReference(u'apache-279104', 'apache_airflow_pipeline_covid'))
[2020-06-03 09:42:34,616] {logging_mixin.py:112} INFO - loading into dataset
[2020-06-03 09:42:42,507] {logging_mixin.py:112} INFO - Loaded 36 rows into apache_airflow_pipeline_covid:apche_covid_dataset.
[2020-06-03 09:42:42,507] {python_operator.py:114} INFO - Done. Returned value was: None
[2020-06-03 09:42:42,514] {taskinstance.py:1048} INFO - Marking task as SUCCESS.dag_id=covid_dag, task_id=big_query, execution_date=20200531T210000, start_date=20200603T041234, end_date=20200603T041242
[2020-06-03 09:42:44,504] {logging_mixin.py:112} INFO - [2020-06-03 09:42:44,503] {local_task_job.py:103} INFO - Task exited with return code 0
[2020-06-03 10:02:07,783] {taskinstance.py:655} INFO - Dependencies all met for <TaskInstance: covid_dag.big_query 2020-05-31T21:00:00+00:00 [queued]>
[2020-06-03 10:02:07,797] {taskinstance.py:655} INFO - Dependencies all met for <TaskInstance: covid_dag.big_query 2020-05-31T21:00:00+00:00 [queued]>
[2020-06-03 10:02:07,797] {taskinstance.py:866} INFO - 
--------------------------------------------------------------------------------
[2020-06-03 10:02:07,797] {taskinstance.py:867} INFO - Starting attempt 1 of 3
[2020-06-03 10:02:07,797] {taskinstance.py:868} INFO - 
--------------------------------------------------------------------------------
[2020-06-03 10:02:07,817] {taskinstance.py:887} INFO - Executing <Task(PythonOperator): big_query> on 2020-05-31T21:00:00+00:00
[2020-06-03 10:02:07,820] {standard_task_runner.py:53} INFO - Started process 12626 to run task
[2020-06-03 10:02:07,887] {logging_mixin.py:112} INFO - Running %s on host %s <TaskInstance: covid_dag.big_query 2020-05-31T21:00:00+00:00 [running]> nineleaps
[2020-06-03 10:02:07,901] {logging_mixin.py:112} INFO - Dataset(DatasetReference(u'apache-279104', 'apache_airflow_pipeline_covid'))
[2020-06-03 10:02:07,901] {logging_mixin.py:112} INFO - loading into dataset
[2020-06-03 10:02:14,527] {logging_mixin.py:112} INFO - Loaded 36 rows into apache_airflow_pipeline_covid:apche_covid_dataset.
[2020-06-03 10:02:14,527] {python_operator.py:114} INFO - Done. Returned value was: None
[2020-06-03 10:02:14,540] {taskinstance.py:1048} INFO - Marking task as SUCCESS.dag_id=covid_dag, task_id=big_query, execution_date=20200531T210000, start_date=20200603T043207, end_date=20200603T043214
[2020-06-03 10:02:17,769] {logging_mixin.py:112} INFO - [2020-06-03 10:02:17,768] {local_task_job.py:103} INFO - Task exited with return code 0
[2020-06-03 10:09:42,727] {taskinstance.py:655} INFO - Dependencies all met for <TaskInstance: covid_dag.big_query 2020-05-31T21:00:00+00:00 [queued]>
[2020-06-03 10:09:42,739] {taskinstance.py:655} INFO - Dependencies all met for <TaskInstance: covid_dag.big_query 2020-05-31T21:00:00+00:00 [queued]>
[2020-06-03 10:09:42,740] {taskinstance.py:866} INFO - 
--------------------------------------------------------------------------------
[2020-06-03 10:09:42,740] {taskinstance.py:867} INFO - Starting attempt 1 of 3
[2020-06-03 10:09:42,740] {taskinstance.py:868} INFO - 
--------------------------------------------------------------------------------
[2020-06-03 10:09:42,756] {taskinstance.py:887} INFO - Executing <Task(PythonOperator): big_query> on 2020-05-31T21:00:00+00:00
[2020-06-03 10:09:42,759] {standard_task_runner.py:53} INFO - Started process 13566 to run task
[2020-06-03 10:09:42,837] {logging_mixin.py:112} INFO - Running %s on host %s <TaskInstance: covid_dag.big_query 2020-05-31T21:00:00+00:00 [running]> nineleaps
[2020-06-03 10:09:42,850] {logging_mixin.py:112} INFO - Dataset(DatasetReference(u'apache-279104', 'apache_airflow_pipeline_covid'))
[2020-06-03 10:09:42,851] {logging_mixin.py:112} INFO - loading into dataset
[2020-06-03 10:09:51,780] {logging_mixin.py:112} INFO - Loaded 36 rows into apache_airflow_pipeline_covid:apche_covid_dataset.
[2020-06-03 10:09:51,781] {python_operator.py:114} INFO - Done. Returned value was: None
[2020-06-03 10:09:51,796] {taskinstance.py:1048} INFO - Marking task as SUCCESS.dag_id=covid_dag, task_id=big_query, execution_date=20200531T210000, start_date=20200603T043942, end_date=20200603T043951
[2020-06-03 10:09:52,710] {logging_mixin.py:112} INFO - [2020-06-03 10:09:52,710] {local_task_job.py:103} INFO - Task exited with return code 0
[2020-06-03 10:53:10,244] {taskinstance.py:655} INFO - Dependencies all met for <TaskInstance: covid_dag.big_query 2020-05-31T21:00:00+00:00 [queued]>
[2020-06-03 10:53:10,264] {taskinstance.py:655} INFO - Dependencies all met for <TaskInstance: covid_dag.big_query 2020-05-31T21:00:00+00:00 [queued]>
[2020-06-03 10:53:10,264] {taskinstance.py:866} INFO - 
--------------------------------------------------------------------------------
[2020-06-03 10:53:10,264] {taskinstance.py:867} INFO - Starting attempt 1 of 3
[2020-06-03 10:53:10,264] {taskinstance.py:868} INFO - 
--------------------------------------------------------------------------------
[2020-06-03 10:53:10,280] {taskinstance.py:887} INFO - Executing <Task(PythonOperator): big_query> on 2020-05-31T21:00:00+00:00
[2020-06-03 10:53:10,283] {standard_task_runner.py:53} INFO - Started process 18670 to run task
[2020-06-03 10:53:10,344] {logging_mixin.py:112} INFO - Running %s on host %s <TaskInstance: covid_dag.big_query 2020-05-31T21:00:00+00:00 [running]> nineleaps
[2020-06-03 10:53:10,357] {logging_mixin.py:112} INFO - Dataset(DatasetReference(u'apache-279104', 'apache_airflow_pipeline_covid'))
[2020-06-03 10:53:10,358] {logging_mixin.py:112} INFO - loading into dataset
[2020-06-03 10:53:18,440] {logging_mixin.py:112} INFO - Loaded 36 rows into apache_airflow_pipeline_covid:apche_covid_dataset.
[2020-06-03 10:53:18,440] {python_operator.py:114} INFO - Done. Returned value was: None
[2020-06-03 10:53:18,445] {taskinstance.py:1048} INFO - Marking task as SUCCESS.dag_id=covid_dag, task_id=big_query, execution_date=20200531T210000, start_date=20200603T052310, end_date=20200603T052318
[2020-06-03 10:53:20,223] {logging_mixin.py:112} INFO - [2020-06-03 10:53:20,223] {local_task_job.py:103} INFO - Task exited with return code 0
