[2020-06-03 09:43:28,936] {taskinstance.py:655} INFO - Dependencies all met for <TaskInstance: covid_dag.status_of_upload 2020-06-01T21:00:00+00:00 [queued]>
[2020-06-03 09:43:28,948] {taskinstance.py:655} INFO - Dependencies all met for <TaskInstance: covid_dag.status_of_upload 2020-06-01T21:00:00+00:00 [queued]>
[2020-06-03 09:43:28,948] {taskinstance.py:866} INFO - 
--------------------------------------------------------------------------------
[2020-06-03 09:43:28,948] {taskinstance.py:867} INFO - Starting attempt 1 of 3
[2020-06-03 09:43:28,948] {taskinstance.py:868} INFO - 
--------------------------------------------------------------------------------
[2020-06-03 09:43:28,965] {taskinstance.py:887} INFO - Executing <Task(PythonOperator): status_of_upload> on 2020-06-01T21:00:00+00:00
[2020-06-03 09:43:28,967] {standard_task_runner.py:53} INFO - Started process 10120 to run task
[2020-06-03 09:43:29,030] {logging_mixin.py:112} INFO - Running %s on host %s <TaskInstance: covid_dag.status_of_upload 2020-06-01T21:00:00+00:00 [running]> nineleaps
[2020-06-03 09:43:30,272] {taskinstance.py:1128} ERROR - 400 No matching signature for operator = for argument types: DATE, INT64. Supported signatures: ANY = ANY at [1:76]

(job ID: a70461fb-1ac8-47b8-9c15-9a6ea27f6dff)

                                 -----Query Job SQL Follows-----                                 

    |    .    |    .    |    .    |    .    |    .    |    .    |    .    |    .    |    .    |
   1:select count(*) from apache-279104.apache_airflow_test.covid_dataset where Date = 2020-06-01
    |    .    |    .    |    .    |    .    |    .    |    .    |    .    |    .    |    .    |
Traceback (most recent call last):
  File "/usr/local/lib/python2.7/dist-packages/airflow/models/taskinstance.py", line 966, in _run_raw_task
    result = task_copy.execute(context=context)
  File "/usr/local/lib/python2.7/dist-packages/airflow/operators/python_operator.py", line 113, in execute
    return_value = self.execute_callable()
  File "/usr/local/lib/python2.7/dist-packages/airflow/operators/python_operator.py", line 118, in execute_callable
    return self.python_callable(*self.op_args, **self.op_kwargs)
  File "/home/nineleaps/airflow/dags/covid_data.py", line 60, in check_upload_status
    result = query_job.result()
  File "/home/nineleaps/.local/lib/python2.7/site-packages/google/cloud/bigquery/job.py", line 3196, in result
    super(QueryJob, self).result(retry=retry, timeout=timeout)
  File "/home/nineleaps/.local/lib/python2.7/site-packages/google/cloud/bigquery/job.py", line 818, in result
    return super(_AsyncJob, self).result(timeout=timeout)
  File "/home/nineleaps/.local/lib/python2.7/site-packages/google/api_core/future/polling.py", line 130, in result
    raise self._exception
BadRequest: 400 No matching signature for operator = for argument types: DATE, INT64. Supported signatures: ANY = ANY at [1:76]

(job ID: a70461fb-1ac8-47b8-9c15-9a6ea27f6dff)

                                 -----Query Job SQL Follows-----                                 

    |    .    |    .    |    .    |    .    |    .    |    .    |    .    |    .    |    .    |
   1:select count(*) from apache-279104.apache_airflow_test.covid_dataset where Date = 2020-06-01
    |    .    |    .    |    .    |    .    |    .    |    .    |    .    |    .    |    .    |
[2020-06-03 09:43:30,278] {taskinstance.py:1151} INFO - Marking task as UP_FOR_RETRY
[2020-06-03 09:43:38,927] {logging_mixin.py:112} INFO - [2020-06-03 09:43:38,927] {local_task_job.py:103} INFO - Task exited with return code 1
[2020-06-03 10:03:03,064] {taskinstance.py:655} INFO - Dependencies all met for <TaskInstance: covid_dag.status_of_upload 2020-06-01T21:00:00+00:00 [queued]>
[2020-06-03 10:03:03,079] {taskinstance.py:655} INFO - Dependencies all met for <TaskInstance: covid_dag.status_of_upload 2020-06-01T21:00:00+00:00 [queued]>
[2020-06-03 10:03:03,079] {taskinstance.py:866} INFO - 
--------------------------------------------------------------------------------
[2020-06-03 10:03:03,079] {taskinstance.py:867} INFO - Starting attempt 1 of 3
[2020-06-03 10:03:03,079] {taskinstance.py:868} INFO - 
--------------------------------------------------------------------------------
[2020-06-03 10:03:03,094] {taskinstance.py:887} INFO - Executing <Task(PythonOperator): status_of_upload> on 2020-06-01T21:00:00+00:00
[2020-06-03 10:03:03,097] {standard_task_runner.py:53} INFO - Started process 12756 to run task
[2020-06-03 10:03:03,167] {logging_mixin.py:112} INFO - Running %s on host %s <TaskInstance: covid_dag.status_of_upload 2020-06-01T21:00:00+00:00 [running]> nineleaps
[2020-06-03 10:03:05,865] {logging_mixin.py:112} INFO - (0, 'big query result')
[2020-06-03 10:03:05,865] {logging_mixin.py:112} INFO - (37, 'csv rows')
[2020-06-03 10:03:05,865] {logging_mixin.py:112} INFO - 0 + is uploaded.........
[2020-06-03 10:03:05,865] {python_operator.py:114} INFO - Done. Returned value was: None
[2020-06-03 10:03:05,870] {taskinstance.py:1048} INFO - Marking task as SUCCESS.dag_id=covid_dag, task_id=status_of_upload, execution_date=20200601T210000, start_date=20200603T043303, end_date=20200603T043305
[2020-06-03 10:03:13,048] {logging_mixin.py:112} INFO - [2020-06-03 10:03:13,048] {local_task_job.py:103} INFO - Task exited with return code 0
[2020-06-03 10:10:37,475] {taskinstance.py:655} INFO - Dependencies all met for <TaskInstance: covid_dag.status_of_upload 2020-06-01T21:00:00+00:00 [queued]>
[2020-06-03 10:10:37,486] {taskinstance.py:655} INFO - Dependencies all met for <TaskInstance: covid_dag.status_of_upload 2020-06-01T21:00:00+00:00 [queued]>
[2020-06-03 10:10:37,486] {taskinstance.py:866} INFO - 
--------------------------------------------------------------------------------
[2020-06-03 10:10:37,486] {taskinstance.py:867} INFO - Starting attempt 1 of 3
[2020-06-03 10:10:37,486] {taskinstance.py:868} INFO - 
--------------------------------------------------------------------------------
[2020-06-03 10:10:37,504] {taskinstance.py:887} INFO - Executing <Task(PythonOperator): status_of_upload> on 2020-06-01T21:00:00+00:00
[2020-06-03 10:10:37,511] {standard_task_runner.py:53} INFO - Started process 13703 to run task
[2020-06-03 10:10:37,595] {logging_mixin.py:112} INFO - Running %s on host %s <TaskInstance: covid_dag.status_of_upload 2020-06-01T21:00:00+00:00 [running]> nineleaps
[2020-06-03 10:10:41,940] {logging_mixin.py:112} INFO - (36, 'big query result')
[2020-06-03 10:10:41,941] {logging_mixin.py:112} INFO - (37, 'csv rows')
[2020-06-03 10:10:41,941] {logging_mixin.py:112} INFO - 97 + is uploaded.........
[2020-06-03 10:10:41,942] {python_operator.py:114} INFO - Done. Returned value was: None
[2020-06-03 10:10:41,954] {taskinstance.py:1048} INFO - Marking task as SUCCESS.dag_id=covid_dag, task_id=status_of_upload, execution_date=20200601T210000, start_date=20200603T044037, end_date=20200603T044041
[2020-06-03 10:10:47,466] {logging_mixin.py:112} INFO - [2020-06-03 10:10:47,466] {local_task_job.py:103} INFO - Task exited with return code 0
[2020-06-03 10:54:04,533] {taskinstance.py:655} INFO - Dependencies all met for <TaskInstance: covid_dag.status_of_upload 2020-06-01T21:00:00+00:00 [queued]>
[2020-06-03 10:54:04,545] {taskinstance.py:655} INFO - Dependencies all met for <TaskInstance: covid_dag.status_of_upload 2020-06-01T21:00:00+00:00 [queued]>
[2020-06-03 10:54:04,546] {taskinstance.py:866} INFO - 
--------------------------------------------------------------------------------
[2020-06-03 10:54:04,546] {taskinstance.py:867} INFO - Starting attempt 1 of 3
[2020-06-03 10:54:04,546] {taskinstance.py:868} INFO - 
--------------------------------------------------------------------------------
[2020-06-03 10:54:04,560] {taskinstance.py:887} INFO - Executing <Task(PythonOperator): status_of_upload> on 2020-06-01T21:00:00+00:00
[2020-06-03 10:54:04,562] {standard_task_runner.py:53} INFO - Started process 18800 to run task
[2020-06-03 10:54:04,614] {logging_mixin.py:112} INFO - Running %s on host %s <TaskInstance: covid_dag.status_of_upload 2020-06-01T21:00:00+00:00 [running]> nineleaps
[2020-06-03 10:54:10,055] {logging_mixin.py:112} INFO - (36, 'big query result')
[2020-06-03 10:54:10,056] {logging_mixin.py:112} INFO - (37, 'csv rows')
[2020-06-03 10:54:10,056] {logging_mixin.py:112} INFO - 97 % is uploaded.........
[2020-06-03 10:54:10,056] {python_operator.py:114} INFO - Done. Returned value was: None
[2020-06-03 10:54:10,068] {taskinstance.py:1048} INFO - Marking task as SUCCESS.dag_id=covid_dag, task_id=status_of_upload, execution_date=20200601T210000, start_date=20200603T052404, end_date=20200603T052410
[2020-06-03 10:54:14,519] {logging_mixin.py:112} INFO - [2020-06-03 10:54:14,518] {local_task_job.py:103} INFO - Task exited with return code 0
