[2020-06-03 08:12:11,959] {taskinstance.py:655} INFO - Dependencies all met for <TaskInstance: covid_dag.covid_data 2020-05-30T00:00:00+00:00 [queued]>
[2020-06-03 08:12:11,968] {taskinstance.py:655} INFO - Dependencies all met for <TaskInstance: covid_dag.covid_data 2020-05-30T00:00:00+00:00 [queued]>
[2020-06-03 08:12:11,969] {taskinstance.py:866} INFO - 
--------------------------------------------------------------------------------
[2020-06-03 08:12:11,969] {taskinstance.py:867} INFO - Starting attempt 4 of 5
[2020-06-03 08:12:11,969] {taskinstance.py:868} INFO - 
--------------------------------------------------------------------------------
[2020-06-03 08:12:11,985] {taskinstance.py:887} INFO - Executing <Task(PythonOperator): covid_data> on 2020-05-30T00:00:00+00:00
[2020-06-03 08:12:11,988] {standard_task_runner.py:53} INFO - Started process 29691 to run task
[2020-06-03 08:12:12,064] {logging_mixin.py:112} INFO - Running %s on host %s <TaskInstance: covid_dag.covid_data 2020-05-30T00:00:00+00:00 [running]> nineleaps
[2020-06-03 08:12:12,654] {taskinstance.py:1128} ERROR - string indices must be integers
Traceback (most recent call last):
  File "/usr/local/lib/python2.7/dist-packages/airflow/models/taskinstance.py", line 966, in _run_raw_task
    result = task_copy.execute(context=context)
  File "/usr/local/lib/python2.7/dist-packages/airflow/operators/python_operator.py", line 113, in execute
    return_value = self.execute_callable()
  File "/usr/local/lib/python2.7/dist-packages/airflow/operators/python_operator.py", line 118, in execute_callable
    return self.python_callable(*self.op_args, **self.op_kwargs)
  File "/home/nineleaps/airflow/dags/covid_data.py", line 69, in get_covid_data
    csv_writer.writerow([str(context['execution_date']).split('T')[0], i['State UT'], i[str(context['execution_date']).split('T')[0]]])
TypeError: string indices must be integers
[2020-06-03 08:12:12,657] {taskinstance.py:1151} INFO - Marking task as UP_FOR_RETRY
[2020-06-03 08:12:21,952] {logging_mixin.py:112} INFO - [2020-06-03 08:12:21,952] {local_task_job.py:103} INFO - Task exited with return code 1
