[2020-06-03 09:41:29,816] {taskinstance.py:655} INFO - Dependencies all met for <TaskInstance: covid_dag.covid_data 2020-05-30T21:00:00+00:00 [queued]>
[2020-06-03 09:41:29,822] {taskinstance.py:655} INFO - Dependencies all met for <TaskInstance: covid_dag.covid_data 2020-05-30T21:00:00+00:00 [queued]>
[2020-06-03 09:41:29,823] {taskinstance.py:866} INFO - 
--------------------------------------------------------------------------------
[2020-06-03 09:41:29,823] {taskinstance.py:867} INFO - Starting attempt 1 of 3
[2020-06-03 09:41:29,823] {taskinstance.py:868} INFO - 
--------------------------------------------------------------------------------
[2020-06-03 09:41:29,838] {taskinstance.py:887} INFO - Executing <Task(PythonOperator): covid_data> on 2020-05-30T21:00:00+00:00
[2020-06-03 09:41:29,841] {standard_task_runner.py:53} INFO - Started process 9784 to run task
[2020-06-03 09:41:29,919] {logging_mixin.py:112} INFO - Running %s on host %s <TaskInstance: covid_dag.covid_data 2020-05-30T21:00:00+00:00 [running]> nineleaps
[2020-06-03 09:41:47,186] {logging_mixin.py:112} INFO - csv loaded successfully.
[2020-06-03 09:41:47,186] {python_operator.py:114} INFO - Done. Returned value was: None
[2020-06-03 09:41:47,191] {taskinstance.py:1048} INFO - Marking task as SUCCESS.dag_id=covid_dag, task_id=covid_data, execution_date=20200530T210000, start_date=20200603T041129, end_date=20200603T041147
[2020-06-03 09:41:49,879] {logging_mixin.py:112} INFO - [2020-06-03 09:41:49,878] {local_task_job.py:103} INFO - Task exited with return code 0
[2020-06-03 10:01:11,598] {taskinstance.py:655} INFO - Dependencies all met for <TaskInstance: covid_dag.covid_data 2020-05-30T21:00:00+00:00 [queued]>
[2020-06-03 10:01:11,607] {taskinstance.py:655} INFO - Dependencies all met for <TaskInstance: covid_dag.covid_data 2020-05-30T21:00:00+00:00 [queued]>
[2020-06-03 10:01:11,607] {taskinstance.py:866} INFO - 
--------------------------------------------------------------------------------
[2020-06-03 10:01:11,607] {taskinstance.py:867} INFO - Starting attempt 1 of 3
[2020-06-03 10:01:11,607] {taskinstance.py:868} INFO - 
--------------------------------------------------------------------------------
[2020-06-03 10:01:11,625] {taskinstance.py:887} INFO - Executing <Task(PythonOperator): covid_data> on 2020-05-30T21:00:00+00:00
[2020-06-03 10:01:11,628] {standard_task_runner.py:53} INFO - Started process 12471 to run task
[2020-06-03 10:01:11,698] {logging_mixin.py:112} INFO - Running %s on host %s <TaskInstance: covid_dag.covid_data 2020-05-30T21:00:00+00:00 [running]> nineleaps
[2020-06-03 10:01:14,417] {logging_mixin.py:112} INFO - csv loaded successfully.
[2020-06-03 10:01:14,418] {python_operator.py:114} INFO - Done. Returned value was: None
[2020-06-03 10:01:14,427] {taskinstance.py:1048} INFO - Marking task as SUCCESS.dag_id=covid_dag, task_id=covid_data, execution_date=20200530T210000, start_date=20200603T043111, end_date=20200603T043114
[2020-06-03 10:01:21,592] {logging_mixin.py:112} INFO - [2020-06-03 10:01:21,591] {local_task_job.py:103} INFO - Task exited with return code 0
[2020-06-03 10:08:42,864] {taskinstance.py:655} INFO - Dependencies all met for <TaskInstance: covid_dag.covid_data 2020-05-30T21:00:00+00:00 [queued]>
[2020-06-03 10:08:42,877] {taskinstance.py:655} INFO - Dependencies all met for <TaskInstance: covid_dag.covid_data 2020-05-30T21:00:00+00:00 [queued]>
[2020-06-03 10:08:42,877] {taskinstance.py:866} INFO - 
--------------------------------------------------------------------------------
[2020-06-03 10:08:42,877] {taskinstance.py:867} INFO - Starting attempt 1 of 3
[2020-06-03 10:08:42,877] {taskinstance.py:868} INFO - 
--------------------------------------------------------------------------------
[2020-06-03 10:08:42,895] {taskinstance.py:887} INFO - Executing <Task(PythonOperator): covid_data> on 2020-05-30T21:00:00+00:00
[2020-06-03 10:08:42,898] {standard_task_runner.py:53} INFO - Started process 13436 to run task
[2020-06-03 10:08:42,967] {logging_mixin.py:112} INFO - Running %s on host %s <TaskInstance: covid_dag.covid_data 2020-05-30T21:00:00+00:00 [running]> nineleaps
[2020-06-03 10:08:45,526] {logging_mixin.py:112} INFO - csv loaded successfully.
[2020-06-03 10:08:45,527] {python_operator.py:114} INFO - Done. Returned value was: None
[2020-06-03 10:08:45,539] {taskinstance.py:1048} INFO - Marking task as SUCCESS.dag_id=covid_dag, task_id=covid_data, execution_date=20200530T210000, start_date=20200603T043842, end_date=20200603T043845
[2020-06-03 10:08:52,852] {logging_mixin.py:112} INFO - [2020-06-03 10:08:52,851] {local_task_job.py:103} INFO - Task exited with return code 0
[2020-06-03 10:52:11,381] {taskinstance.py:655} INFO - Dependencies all met for <TaskInstance: covid_dag.covid_data 2020-05-30T21:00:00+00:00 [queued]>
[2020-06-03 10:52:11,388] {taskinstance.py:655} INFO - Dependencies all met for <TaskInstance: covid_dag.covid_data 2020-05-30T21:00:00+00:00 [queued]>
[2020-06-03 10:52:11,388] {taskinstance.py:866} INFO - 
--------------------------------------------------------------------------------
[2020-06-03 10:52:11,388] {taskinstance.py:867} INFO - Starting attempt 1 of 3
[2020-06-03 10:52:11,388] {taskinstance.py:868} INFO - 
--------------------------------------------------------------------------------
[2020-06-03 10:52:11,403] {taskinstance.py:887} INFO - Executing <Task(PythonOperator): covid_data> on 2020-05-30T21:00:00+00:00
[2020-06-03 10:52:11,406] {standard_task_runner.py:53} INFO - Started process 18545 to run task
[2020-06-03 10:52:11,462] {logging_mixin.py:112} INFO - Running %s on host %s <TaskInstance: covid_dag.covid_data 2020-05-30T21:00:00+00:00 [running]> nineleaps
[2020-06-03 10:52:14,754] {logging_mixin.py:112} INFO - csv loaded successfully.
[2020-06-03 10:52:14,755] {python_operator.py:114} INFO - Done. Returned value was: None
[2020-06-03 10:52:14,767] {taskinstance.py:1048} INFO - Marking task as SUCCESS.dag_id=covid_dag, task_id=covid_data, execution_date=20200530T210000, start_date=20200603T052211, end_date=20200603T052214
[2020-06-03 10:52:21,377] {logging_mixin.py:112} INFO - [2020-06-03 10:52:21,376] {local_task_job.py:103} INFO - Task exited with return code 0
