[2020-06-02 12:23:42,710] {taskinstance.py:655} INFO - Dependencies all met for <TaskInstance: covid_dag_tra.covid_data 2020-05-31T00:00:00+00:00 [queued]>
[2020-06-02 12:23:42,719] {taskinstance.py:655} INFO - Dependencies all met for <TaskInstance: covid_dag_tra.covid_data 2020-05-31T00:00:00+00:00 [queued]>
[2020-06-02 12:23:42,719] {taskinstance.py:866} INFO - 
--------------------------------------------------------------------------------
[2020-06-02 12:23:42,719] {taskinstance.py:867} INFO - Starting attempt 1 of 3
[2020-06-02 12:23:42,720] {taskinstance.py:868} INFO - 
--------------------------------------------------------------------------------
[2020-06-02 12:23:42,737] {taskinstance.py:887} INFO - Executing <Task(PythonOperator): covid_data> on 2020-05-31T00:00:00+00:00
[2020-06-02 12:23:42,742] {standard_task_runner.py:53} INFO - Started process 25397 to run task
[2020-06-02 12:23:42,803] {logging_mixin.py:112} INFO - Running %s on host %s <TaskInstance: covid_dag_tra.covid_data 2020-05-31T00:00:00+00:00 [running]> nineleaps
[2020-06-02 12:23:43,502] {logging_mixin.py:112} INFO - csv loaded successfully.
[2020-06-02 12:23:43,502] {python_operator.py:114} INFO - Done. Returned value was: None
[2020-06-02 12:23:43,506] {taskinstance.py:1048} INFO - Marking task as SUCCESS.dag_id=covid_dag_tra, task_id=covid_data, execution_date=20200531T000000, start_date=20200602T065342, end_date=20200602T065343
[2020-06-02 12:23:52,702] {logging_mixin.py:112} INFO - [2020-06-02 12:23:52,702] {local_task_job.py:103} INFO - Task exited with return code 0
[2020-06-02 12:52:26,018] {taskinstance.py:655} INFO - Dependencies all met for <TaskInstance: covid_dag_tra.covid_data 2020-05-31T00:00:00+00:00 [queued]>
[2020-06-02 12:52:26,028] {taskinstance.py:655} INFO - Dependencies all met for <TaskInstance: covid_dag_tra.covid_data 2020-05-31T00:00:00+00:00 [queued]>
[2020-06-02 12:52:26,028] {taskinstance.py:866} INFO - 
--------------------------------------------------------------------------------
[2020-06-02 12:52:26,028] {taskinstance.py:867} INFO - Starting attempt 1 of 3
[2020-06-02 12:52:26,028] {taskinstance.py:868} INFO - 
--------------------------------------------------------------------------------
[2020-06-02 12:52:26,096] {taskinstance.py:887} INFO - Executing <Task(PythonOperator): covid_data> on 2020-05-31T00:00:00+00:00
[2020-06-02 12:52:26,102] {standard_task_runner.py:53} INFO - Started process 29726 to run task
[2020-06-02 12:52:26,178] {logging_mixin.py:112} INFO - Running %s on host %s <TaskInstance: covid_dag_tra.covid_data 2020-05-31T00:00:00+00:00 [running]> nineleaps
[2020-06-02 12:52:26,857] {logging_mixin.py:112} INFO - csv loaded successfully.
[2020-06-02 12:52:26,857] {python_operator.py:114} INFO - Done. Returned value was: None
[2020-06-02 12:52:26,861] {taskinstance.py:1048} INFO - Marking task as SUCCESS.dag_id=covid_dag_tra, task_id=covid_data, execution_date=20200531T000000, start_date=20200602T072226, end_date=20200602T072226
[2020-06-02 12:52:36,043] {logging_mixin.py:112} INFO - [2020-06-02 12:52:36,042] {local_task_job.py:103} INFO - Task exited with return code 0
[2020-06-03 08:19:40,143] {taskinstance.py:655} INFO - Dependencies all met for <TaskInstance: covid_dag_tra.covid_data 2020-05-31T00:00:00+00:00 [queued]>
[2020-06-03 08:19:40,151] {taskinstance.py:655} INFO - Dependencies all met for <TaskInstance: covid_dag_tra.covid_data 2020-05-31T00:00:00+00:00 [queued]>
[2020-06-03 08:19:40,151] {taskinstance.py:866} INFO - 
--------------------------------------------------------------------------------
[2020-06-03 08:19:40,152] {taskinstance.py:867} INFO - Starting attempt 1 of 3
[2020-06-03 08:19:40,152] {taskinstance.py:868} INFO - 
--------------------------------------------------------------------------------
[2020-06-03 08:19:40,168] {taskinstance.py:887} INFO - Executing <Task(PythonOperator): covid_data> on 2020-05-31T00:00:00+00:00
[2020-06-03 08:19:40,170] {standard_task_runner.py:53} INFO - Started process 30710 to run task
[2020-06-03 08:19:40,226] {logging_mixin.py:112} INFO - Running %s on host %s <TaskInstance: covid_dag_tra.covid_data 2020-05-31T00:00:00+00:00 [running]> nineleaps
[2020-06-03 08:19:44,568] {logging_mixin.py:112} INFO - csv loaded successfully.
[2020-06-03 08:19:44,569] {logging_mixin.py:112} INFO - 2020-05-31T00:00:00+00:00
[2020-06-03 08:19:44,569] {python_operator.py:114} INFO - Done. Returned value was: None
[2020-06-03 08:19:44,576] {taskinstance.py:1048} INFO - Marking task as SUCCESS.dag_id=covid_dag_tra, task_id=covid_data, execution_date=20200531T000000, start_date=20200603T024940, end_date=20200603T024944
[2020-06-03 08:19:50,135] {logging_mixin.py:112} INFO - [2020-06-03 08:19:50,134] {local_task_job.py:103} INFO - Task exited with return code 0
