[2020-06-02 18:17:35,958] {taskinstance.py:655} INFO - Dependencies all met for <TaskInstance: covid_dag_tra.covid_data 2020-05-31T00:00:00+00:00 [queued]>
[2020-06-02 18:17:35,966] {taskinstance.py:655} INFO - Dependencies all met for <TaskInstance: covid_dag_tra.covid_data 2020-05-31T00:00:00+00:00 [queued]>
[2020-06-02 18:17:35,967] {taskinstance.py:866} INFO - 
--------------------------------------------------------------------------------
[2020-06-02 18:17:35,967] {taskinstance.py:867} INFO - Starting attempt 11 of 13
[2020-06-02 18:17:35,967] {taskinstance.py:868} INFO - 
--------------------------------------------------------------------------------
[2020-06-02 18:17:35,985] {taskinstance.py:887} INFO - Executing <Task(PythonOperator): covid_data> on 2020-05-31T00:00:00+00:00
[2020-06-02 18:17:35,990] {standard_task_runner.py:53} INFO - Started process 7915 to run task
[2020-06-02 18:17:36,052] {logging_mixin.py:112} INFO - Running %s on host %s <TaskInstance: covid_dag_tra.covid_data 2020-05-31T00:00:00+00:00 [running]> nineleaps
[2020-06-02 18:17:39,048] {taskinstance.py:1128} ERROR - 'Pendulum' object has no attribute 'split'
Traceback (most recent call last):
  File "/usr/local/lib/python2.7/dist-packages/airflow/models/taskinstance.py", line 966, in _run_raw_task
    result = task_copy.execute(context=context)
  File "/usr/local/lib/python2.7/dist-packages/airflow/operators/python_operator.py", line 113, in execute
    return_value = self.execute_callable()
  File "/usr/local/lib/python2.7/dist-packages/airflow/operators/python_operator.py", line 118, in execute_callable
    return self.python_callable(*self.op_args, **self.op_kwargs)
  File "/home/nineleaps/airflow/dags/airflow_1.py", line 66, in get_covid_data
    csv_writer.writerow([context['execution_date'], i['State UT'], i[str(context['execution_date'].split('T')[0])]])
AttributeError: 'Pendulum' object has no attribute 'split'
[2020-06-02 18:17:39,053] {taskinstance.py:1151} INFO - Marking task as UP_FOR_RETRY
[2020-06-02 18:17:45,946] {logging_mixin.py:112} INFO - [2020-06-02 18:17:45,946] {local_task_job.py:103} INFO - Task exited with return code 1
