[2020-06-03 09:42:07,499] {taskinstance.py:655} INFO - Dependencies all met for <TaskInstance: covid_dag.big_query 2020-05-30T21:00:00+00:00 [queued]>
[2020-06-03 09:42:07,512] {taskinstance.py:655} INFO - Dependencies all met for <TaskInstance: covid_dag.big_query 2020-05-30T21:00:00+00:00 [queued]>
[2020-06-03 09:42:07,512] {taskinstance.py:866} INFO - 
--------------------------------------------------------------------------------
[2020-06-03 09:42:07,512] {taskinstance.py:867} INFO - Starting attempt 1 of 3
[2020-06-03 09:42:07,512] {taskinstance.py:868} INFO - 
--------------------------------------------------------------------------------
[2020-06-03 09:42:07,528] {taskinstance.py:887} INFO - Executing <Task(PythonOperator): big_query> on 2020-05-30T21:00:00+00:00
[2020-06-03 09:42:07,531] {standard_task_runner.py:53} INFO - Started process 9918 to run task
[2020-06-03 09:42:07,608] {logging_mixin.py:112} INFO - Running %s on host %s <TaskInstance: covid_dag.big_query 2020-05-30T21:00:00+00:00 [running]> nineleaps
[2020-06-03 09:42:07,622] {logging_mixin.py:112} INFO - Dataset(DatasetReference(u'apache-279104', 'apache_airflow_pipeline_covid'))
[2020-06-03 09:42:07,622] {logging_mixin.py:112} INFO - loading into dataset
[2020-06-03 09:42:09,537] {logging_mixin.py:112} INFO - creating dataset
[2020-06-03 09:42:17,203] {logging_mixin.py:112} INFO - Loaded 36 rows into apache_airflow_pipeline_covid:apche_covid_dataset.
[2020-06-03 09:42:17,203] {python_operator.py:114} INFO - Done. Returned value was: None
[2020-06-03 09:42:17,217] {taskinstance.py:1048} INFO - Marking task as SUCCESS.dag_id=covid_dag, task_id=big_query, execution_date=20200530T210000, start_date=20200603T041207, end_date=20200603T041217
[2020-06-03 09:42:17,488] {logging_mixin.py:112} INFO - [2020-06-03 09:42:17,487] {local_task_job.py:103} INFO - Task exited with return code 0
[2020-06-03 10:01:39,655] {taskinstance.py:655} INFO - Dependencies all met for <TaskInstance: covid_dag.big_query 2020-05-30T21:00:00+00:00 [queued]>
[2020-06-03 10:01:39,672] {taskinstance.py:655} INFO - Dependencies all met for <TaskInstance: covid_dag.big_query 2020-05-30T21:00:00+00:00 [queued]>
[2020-06-03 10:01:39,672] {taskinstance.py:866} INFO - 
--------------------------------------------------------------------------------
[2020-06-03 10:01:39,672] {taskinstance.py:867} INFO - Starting attempt 1 of 3
[2020-06-03 10:01:39,672] {taskinstance.py:868} INFO - 
--------------------------------------------------------------------------------
[2020-06-03 10:01:39,691] {taskinstance.py:887} INFO - Executing <Task(PythonOperator): big_query> on 2020-05-30T21:00:00+00:00
[2020-06-03 10:01:39,696] {standard_task_runner.py:53} INFO - Started process 12532 to run task
[2020-06-03 10:01:39,767] {logging_mixin.py:112} INFO - Running %s on host %s <TaskInstance: covid_dag.big_query 2020-05-30T21:00:00+00:00 [running]> nineleaps
[2020-06-03 10:01:39,782] {logging_mixin.py:112} INFO - Dataset(DatasetReference(u'apache-279104', 'apache_airflow_pipeline_covid'))
[2020-06-03 10:01:39,783] {logging_mixin.py:112} INFO - loading into dataset
[2020-06-03 10:01:41,333] {logging_mixin.py:112} INFO - creating dataset
[2020-06-03 10:01:48,575] {logging_mixin.py:112} INFO - Loaded 36 rows into apache_airflow_pipeline_covid:apche_covid_dataset.
[2020-06-03 10:01:48,575] {python_operator.py:114} INFO - Done. Returned value was: None
[2020-06-03 10:01:48,593] {taskinstance.py:1048} INFO - Marking task as SUCCESS.dag_id=covid_dag, task_id=big_query, execution_date=20200530T210000, start_date=20200603T043139, end_date=20200603T043148
[2020-06-03 10:01:49,637] {logging_mixin.py:112} INFO - [2020-06-03 10:01:49,636] {local_task_job.py:103} INFO - Task exited with return code 0
[2020-06-03 10:09:10,309] {taskinstance.py:655} INFO - Dependencies all met for <TaskInstance: covid_dag.big_query 2020-05-30T21:00:00+00:00 [queued]>
[2020-06-03 10:09:10,321] {taskinstance.py:655} INFO - Dependencies all met for <TaskInstance: covid_dag.big_query 2020-05-30T21:00:00+00:00 [queued]>
[2020-06-03 10:09:10,322] {taskinstance.py:866} INFO - 
--------------------------------------------------------------------------------
[2020-06-03 10:09:10,322] {taskinstance.py:867} INFO - Starting attempt 1 of 3
[2020-06-03 10:09:10,322] {taskinstance.py:868} INFO - 
--------------------------------------------------------------------------------
[2020-06-03 10:09:10,339] {taskinstance.py:887} INFO - Executing <Task(PythonOperator): big_query> on 2020-05-30T21:00:00+00:00
[2020-06-03 10:09:10,347] {standard_task_runner.py:53} INFO - Started process 13497 to run task
[2020-06-03 10:09:10,433] {logging_mixin.py:112} INFO - Running %s on host %s <TaskInstance: covid_dag.big_query 2020-05-30T21:00:00+00:00 [running]> nineleaps
[2020-06-03 10:09:10,444] {logging_mixin.py:112} INFO - Dataset(DatasetReference(u'apache-279104', 'apache_airflow_pipeline_covid'))
[2020-06-03 10:09:10,445] {logging_mixin.py:112} INFO - loading into dataset
[2020-06-03 10:09:12,535] {logging_mixin.py:112} INFO - creating dataset
[2020-06-03 10:09:23,018] {logging_mixin.py:112} INFO - Loaded 36 rows into apache_airflow_pipeline_covid:apche_covid_dataset.
[2020-06-03 10:09:23,019] {python_operator.py:114} INFO - Done. Returned value was: None
[2020-06-03 10:09:23,029] {taskinstance.py:1048} INFO - Marking task as SUCCESS.dag_id=covid_dag, task_id=big_query, execution_date=20200530T210000, start_date=20200603T043910, end_date=20200603T043923
[2020-06-03 10:09:25,320] {logging_mixin.py:112} INFO - [2020-06-03 10:09:25,319] {local_task_job.py:103} INFO - Task exited with return code 0
[2020-06-03 10:52:38,089] {taskinstance.py:655} INFO - Dependencies all met for <TaskInstance: covid_dag.big_query 2020-05-30T21:00:00+00:00 [queued]>
[2020-06-03 10:52:38,099] {taskinstance.py:655} INFO - Dependencies all met for <TaskInstance: covid_dag.big_query 2020-05-30T21:00:00+00:00 [queued]>
[2020-06-03 10:52:38,099] {taskinstance.py:866} INFO - 
--------------------------------------------------------------------------------
[2020-06-03 10:52:38,100] {taskinstance.py:867} INFO - Starting attempt 1 of 3
[2020-06-03 10:52:38,100] {taskinstance.py:868} INFO - 
--------------------------------------------------------------------------------
[2020-06-03 10:52:38,115] {taskinstance.py:887} INFO - Executing <Task(PythonOperator): big_query> on 2020-05-30T21:00:00+00:00
[2020-06-03 10:52:38,118] {standard_task_runner.py:53} INFO - Started process 18599 to run task
[2020-06-03 10:52:38,178] {logging_mixin.py:112} INFO - Running %s on host %s <TaskInstance: covid_dag.big_query 2020-05-30T21:00:00+00:00 [running]> nineleaps
[2020-06-03 10:52:38,189] {logging_mixin.py:112} INFO - Dataset(DatasetReference(u'apache-279104', 'apache_airflow_pipeline_covid'))
[2020-06-03 10:52:38,189] {logging_mixin.py:112} INFO - loading into dataset
[2020-06-03 10:52:40,565] {logging_mixin.py:112} INFO - creating dataset
[2020-06-03 10:52:49,562] {logging_mixin.py:112} INFO - Loaded 36 rows into apache_airflow_pipeline_covid:apche_covid_dataset.
[2020-06-03 10:52:49,562] {python_operator.py:114} INFO - Done. Returned value was: None
[2020-06-03 10:52:49,574] {taskinstance.py:1048} INFO - Marking task as SUCCESS.dag_id=covid_dag, task_id=big_query, execution_date=20200530T210000, start_date=20200603T052238, end_date=20200603T052249
[2020-06-03 10:52:53,106] {logging_mixin.py:112} INFO - [2020-06-03 10:52:53,106] {local_task_job.py:103} INFO - Task exited with return code 0
