[2020-06-03 09:43:01,542] {taskinstance.py:655} INFO - Dependencies all met for <TaskInstance: covid_dag.big_query 2020-06-01T21:00:00+00:00 [queued]>
[2020-06-03 09:43:01,556] {taskinstance.py:655} INFO - Dependencies all met for <TaskInstance: covid_dag.big_query 2020-06-01T21:00:00+00:00 [queued]>
[2020-06-03 09:43:01,556] {taskinstance.py:866} INFO - 
--------------------------------------------------------------------------------
[2020-06-03 09:43:01,556] {taskinstance.py:867} INFO - Starting attempt 1 of 3
[2020-06-03 09:43:01,556] {taskinstance.py:868} INFO - 
--------------------------------------------------------------------------------
[2020-06-03 09:43:01,572] {taskinstance.py:887} INFO - Executing <Task(PythonOperator): big_query> on 2020-06-01T21:00:00+00:00
[2020-06-03 09:43:01,574] {standard_task_runner.py:53} INFO - Started process 10042 to run task
[2020-06-03 09:43:01,665] {logging_mixin.py:112} INFO - Running %s on host %s <TaskInstance: covid_dag.big_query 2020-06-01T21:00:00+00:00 [running]> nineleaps
[2020-06-03 09:43:01,679] {logging_mixin.py:112} INFO - Dataset(DatasetReference(u'apache-279104', 'apache_airflow_pipeline_covid'))
[2020-06-03 09:43:01,679] {logging_mixin.py:112} INFO - loading into dataset
[2020-06-03 09:43:08,727] {logging_mixin.py:112} INFO - Loaded 36 rows into apache_airflow_pipeline_covid:apche_covid_dataset.
[2020-06-03 09:43:08,727] {python_operator.py:114} INFO - Done. Returned value was: None
[2020-06-03 09:43:08,739] {taskinstance.py:1048} INFO - Marking task as SUCCESS.dag_id=covid_dag, task_id=big_query, execution_date=20200601T210000, start_date=20200603T041301, end_date=20200603T041308
[2020-06-03 09:43:11,529] {logging_mixin.py:112} INFO - [2020-06-03 09:43:11,528] {local_task_job.py:103} INFO - Task exited with return code 0
[2020-06-03 10:02:35,522] {taskinstance.py:655} INFO - Dependencies all met for <TaskInstance: covid_dag.big_query 2020-06-01T21:00:00+00:00 [queued]>
[2020-06-03 10:02:35,536] {taskinstance.py:655} INFO - Dependencies all met for <TaskInstance: covid_dag.big_query 2020-06-01T21:00:00+00:00 [queued]>
[2020-06-03 10:02:35,536] {taskinstance.py:866} INFO - 
--------------------------------------------------------------------------------
[2020-06-03 10:02:35,536] {taskinstance.py:867} INFO - Starting attempt 1 of 3
[2020-06-03 10:02:35,536] {taskinstance.py:868} INFO - 
--------------------------------------------------------------------------------
[2020-06-03 10:02:35,554] {taskinstance.py:887} INFO - Executing <Task(PythonOperator): big_query> on 2020-06-01T21:00:00+00:00
[2020-06-03 10:02:35,562] {standard_task_runner.py:53} INFO - Started process 12692 to run task
[2020-06-03 10:02:35,633] {logging_mixin.py:112} INFO - Running %s on host %s <TaskInstance: covid_dag.big_query 2020-06-01T21:00:00+00:00 [running]> nineleaps
[2020-06-03 10:02:35,648] {logging_mixin.py:112} INFO - Dataset(DatasetReference(u'apache-279104', 'apache_airflow_pipeline_covid'))
[2020-06-03 10:02:35,648] {logging_mixin.py:112} INFO - loading into dataset
[2020-06-03 10:02:43,499] {logging_mixin.py:112} INFO - Loaded 36 rows into apache_airflow_pipeline_covid:apche_covid_dataset.
[2020-06-03 10:02:43,500] {python_operator.py:114} INFO - Done. Returned value was: None
[2020-06-03 10:02:43,514] {taskinstance.py:1048} INFO - Marking task as SUCCESS.dag_id=covid_dag, task_id=big_query, execution_date=20200601T210000, start_date=20200603T043235, end_date=20200603T043243
[2020-06-03 10:02:45,514] {logging_mixin.py:112} INFO - [2020-06-03 10:02:45,514] {local_task_job.py:103} INFO - Task exited with return code 0
[2020-06-03 10:10:10,118] {taskinstance.py:655} INFO - Dependencies all met for <TaskInstance: covid_dag.big_query 2020-06-01T21:00:00+00:00 [queued]>
[2020-06-03 10:10:10,134] {taskinstance.py:655} INFO - Dependencies all met for <TaskInstance: covid_dag.big_query 2020-06-01T21:00:00+00:00 [queued]>
[2020-06-03 10:10:10,134] {taskinstance.py:866} INFO - 
--------------------------------------------------------------------------------
[2020-06-03 10:10:10,134] {taskinstance.py:867} INFO - Starting attempt 1 of 3
[2020-06-03 10:10:10,134] {taskinstance.py:868} INFO - 
--------------------------------------------------------------------------------
[2020-06-03 10:10:10,150] {taskinstance.py:887} INFO - Executing <Task(PythonOperator): big_query> on 2020-06-01T21:00:00+00:00
[2020-06-03 10:10:10,153] {standard_task_runner.py:53} INFO - Started process 13642 to run task
[2020-06-03 10:10:10,236] {logging_mixin.py:112} INFO - Running %s on host %s <TaskInstance: covid_dag.big_query 2020-06-01T21:00:00+00:00 [running]> nineleaps
[2020-06-03 10:10:10,250] {logging_mixin.py:112} INFO - Dataset(DatasetReference(u'apache-279104', 'apache_airflow_pipeline_covid'))
[2020-06-03 10:10:10,251] {logging_mixin.py:112} INFO - loading into dataset
[2020-06-03 10:10:19,464] {logging_mixin.py:112} INFO - Loaded 36 rows into apache_airflow_pipeline_covid:apche_covid_dataset.
[2020-06-03 10:10:19,464] {python_operator.py:114} INFO - Done. Returned value was: None
[2020-06-03 10:10:19,479] {taskinstance.py:1048} INFO - Marking task as SUCCESS.dag_id=covid_dag, task_id=big_query, execution_date=20200601T210000, start_date=20200603T044010, end_date=20200603T044019
[2020-06-03 10:10:20,109] {logging_mixin.py:112} INFO - [2020-06-03 10:10:20,108] {local_task_job.py:103} INFO - Task exited with return code 0
[2020-06-03 10:53:37,500] {taskinstance.py:655} INFO - Dependencies all met for <TaskInstance: covid_dag.big_query 2020-06-01T21:00:00+00:00 [queued]>
[2020-06-03 10:53:37,517] {taskinstance.py:655} INFO - Dependencies all met for <TaskInstance: covid_dag.big_query 2020-06-01T21:00:00+00:00 [queued]>
[2020-06-03 10:53:37,518] {taskinstance.py:866} INFO - 
--------------------------------------------------------------------------------
[2020-06-03 10:53:37,518] {taskinstance.py:867} INFO - Starting attempt 1 of 3
[2020-06-03 10:53:37,518] {taskinstance.py:868} INFO - 
--------------------------------------------------------------------------------
[2020-06-03 10:53:37,534] {taskinstance.py:887} INFO - Executing <Task(PythonOperator): big_query> on 2020-06-01T21:00:00+00:00
[2020-06-03 10:53:37,536] {standard_task_runner.py:53} INFO - Started process 18743 to run task
[2020-06-03 10:53:37,594] {logging_mixin.py:112} INFO - Running %s on host %s <TaskInstance: covid_dag.big_query 2020-06-01T21:00:00+00:00 [running]> nineleaps
[2020-06-03 10:53:37,606] {logging_mixin.py:112} INFO - Dataset(DatasetReference(u'apache-279104', 'apache_airflow_pipeline_covid'))
[2020-06-03 10:53:37,606] {logging_mixin.py:112} INFO - loading into dataset
[2020-06-03 10:53:46,093] {logging_mixin.py:112} INFO - Loaded 36 rows into apache_airflow_pipeline_covid:apche_covid_dataset.
[2020-06-03 10:53:46,094] {python_operator.py:114} INFO - Done. Returned value was: None
[2020-06-03 10:53:46,109] {taskinstance.py:1048} INFO - Marking task as SUCCESS.dag_id=covid_dag, task_id=big_query, execution_date=20200601T210000, start_date=20200603T052337, end_date=20200603T052346
[2020-06-03 10:53:47,484] {logging_mixin.py:112} INFO - [2020-06-03 10:53:47,483] {local_task_job.py:103} INFO - Task exited with return code 0
