[2020-06-02 12:22:41,997] {taskinstance.py:655} INFO - Dependencies all met for <TaskInstance: covid_dag_tra.covid_data 2020-05-30T00:00:00+00:00 [queued]>
[2020-06-02 12:22:42,006] {taskinstance.py:655} INFO - Dependencies all met for <TaskInstance: covid_dag_tra.covid_data 2020-05-30T00:00:00+00:00 [queued]>
[2020-06-02 12:22:42,006] {taskinstance.py:866} INFO - 
--------------------------------------------------------------------------------
[2020-06-02 12:22:42,007] {taskinstance.py:867} INFO - Starting attempt 1 of 3
[2020-06-02 12:22:42,007] {taskinstance.py:868} INFO - 
--------------------------------------------------------------------------------
[2020-06-02 12:22:42,023] {taskinstance.py:887} INFO - Executing <Task(PythonOperator): covid_data> on 2020-05-30T00:00:00+00:00
[2020-06-02 12:22:42,025] {standard_task_runner.py:53} INFO - Started process 25243 to run task
[2020-06-02 12:22:42,081] {logging_mixin.py:112} INFO - Running %s on host %s <TaskInstance: covid_dag_tra.covid_data 2020-05-30T00:00:00+00:00 [running]> nineleaps
[2020-06-02 12:22:42,896] {logging_mixin.py:112} INFO - csv loaded successfully.
[2020-06-02 12:22:42,898] {python_operator.py:114} INFO - Done. Returned value was: None
[2020-06-02 12:22:42,902] {taskinstance.py:1048} INFO - Marking task as SUCCESS.dag_id=covid_dag_tra, task_id=covid_data, execution_date=20200530T000000, start_date=20200602T065241, end_date=20200602T065242
[2020-06-02 12:22:51,984] {logging_mixin.py:112} INFO - [2020-06-02 12:22:51,983] {local_task_job.py:103} INFO - Task exited with return code 0
[2020-06-02 12:51:25,173] {taskinstance.py:655} INFO - Dependencies all met for <TaskInstance: covid_dag_tra.covid_data 2020-05-30T00:00:00+00:00 [queued]>
[2020-06-02 12:51:25,180] {taskinstance.py:655} INFO - Dependencies all met for <TaskInstance: covid_dag_tra.covid_data 2020-05-30T00:00:00+00:00 [queued]>
[2020-06-02 12:51:25,180] {taskinstance.py:866} INFO - 
--------------------------------------------------------------------------------
[2020-06-02 12:51:25,181] {taskinstance.py:867} INFO - Starting attempt 1 of 3
[2020-06-02 12:51:25,181] {taskinstance.py:868} INFO - 
--------------------------------------------------------------------------------
[2020-06-02 12:51:25,196] {taskinstance.py:887} INFO - Executing <Task(PythonOperator): covid_data> on 2020-05-30T00:00:00+00:00
[2020-06-02 12:51:25,200] {standard_task_runner.py:53} INFO - Started process 29527 to run task
[2020-06-02 12:51:25,255] {logging_mixin.py:112} INFO - Running %s on host %s <TaskInstance: covid_dag_tra.covid_data 2020-05-30T00:00:00+00:00 [running]> nineleaps
[2020-06-02 12:51:25,907] {logging_mixin.py:112} INFO - csv loaded successfully.
[2020-06-02 12:51:25,907] {python_operator.py:114} INFO - Done. Returned value was: None
[2020-06-02 12:51:25,910] {taskinstance.py:1048} INFO - Marking task as SUCCESS.dag_id=covid_dag_tra, task_id=covid_data, execution_date=20200530T000000, start_date=20200602T072125, end_date=20200602T072125
[2020-06-02 12:51:35,163] {logging_mixin.py:112} INFO - [2020-06-02 12:51:35,163] {local_task_job.py:103} INFO - Task exited with return code 0
[2020-06-03 08:19:25,395] {taskinstance.py:655} INFO - Dependencies all met for <TaskInstance: covid_dag_tra.covid_data 2020-05-30T00:00:00+00:00 [queued]>
[2020-06-03 08:19:25,403] {taskinstance.py:655} INFO - Dependencies all met for <TaskInstance: covid_dag_tra.covid_data 2020-05-30T00:00:00+00:00 [queued]>
[2020-06-03 08:19:25,404] {taskinstance.py:866} INFO - 
--------------------------------------------------------------------------------
[2020-06-03 08:19:25,404] {taskinstance.py:867} INFO - Starting attempt 1 of 3
[2020-06-03 08:19:25,404] {taskinstance.py:868} INFO - 
--------------------------------------------------------------------------------
[2020-06-03 08:19:25,420] {taskinstance.py:887} INFO - Executing <Task(PythonOperator): covid_data> on 2020-05-30T00:00:00+00:00
[2020-06-03 08:19:25,422] {standard_task_runner.py:53} INFO - Started process 30636 to run task
[2020-06-03 08:19:25,483] {logging_mixin.py:112} INFO - Running %s on host %s <TaskInstance: covid_dag_tra.covid_data 2020-05-30T00:00:00+00:00 [running]> nineleaps
[2020-06-03 08:19:29,216] {logging_mixin.py:112} INFO - csv loaded successfully.
[2020-06-03 08:19:29,217] {logging_mixin.py:112} INFO - 2020-05-30T00:00:00+00:00
[2020-06-03 08:19:29,218] {python_operator.py:114} INFO - Done. Returned value was: None
[2020-06-03 08:19:29,229] {taskinstance.py:1048} INFO - Marking task as SUCCESS.dag_id=covid_dag_tra, task_id=covid_data, execution_date=20200530T000000, start_date=20200603T024925, end_date=20200603T024929
[2020-06-03 08:19:35,373] {logging_mixin.py:112} INFO - [2020-06-03 08:19:35,372] {local_task_job.py:103} INFO - Task exited with return code 0
