[2020-06-02 18:12:01,875] {taskinstance.py:655} INFO - Dependencies all met for <TaskInstance: covid_dag_tra.covid_data 2020-05-30T00:00:00+00:00 [queued]>
[2020-06-02 18:12:01,891] {taskinstance.py:655} INFO - Dependencies all met for <TaskInstance: covid_dag_tra.covid_data 2020-05-30T00:00:00+00:00 [queued]>
[2020-06-02 18:12:01,891] {taskinstance.py:866} INFO - 
--------------------------------------------------------------------------------
[2020-06-02 18:12:01,891] {taskinstance.py:867} INFO - Starting attempt 11 of 12
[2020-06-02 18:12:01,891] {taskinstance.py:868} INFO - 
--------------------------------------------------------------------------------
[2020-06-02 18:12:01,911] {taskinstance.py:887} INFO - Executing <Task(PythonOperator): covid_data> on 2020-05-30T00:00:00+00:00
[2020-06-02 18:12:01,916] {standard_task_runner.py:53} INFO - Started process 7091 to run task
[2020-06-02 18:12:01,977] {logging_mixin.py:112} INFO - Running %s on host %s <TaskInstance: covid_dag_tra.covid_data 2020-05-30T00:00:00+00:00 [running]> nineleaps
[2020-06-02 18:12:02,560] {logging_mixin.py:112} INFO - Haryana
[2020-06-02 18:12:02,560] {logging_mixin.py:112} INFO - State Unassigned
[2020-06-02 18:12:02,560] {logging_mixin.py:112} INFO - Punjab
[2020-06-02 18:12:02,560] {logging_mixin.py:112} INFO - Goa
[2020-06-02 18:12:02,560] {logging_mixin.py:112} INFO - Chhattisgarh
[2020-06-02 18:12:02,560] {logging_mixin.py:112} INFO - Ladakh
[2020-06-02 18:12:02,560] {logging_mixin.py:112} INFO - Kerala
[2020-06-02 18:12:02,560] {logging_mixin.py:112} INFO - Bihar
[2020-06-02 18:12:02,560] {logging_mixin.py:112} INFO - Tamil Nadu
[2020-06-02 18:12:02,560] {logging_mixin.py:112} INFO - Chandigarh
[2020-06-02 18:12:02,560] {logging_mixin.py:112} INFO - Jammu and Kashmir
[2020-06-02 18:12:02,560] {logging_mixin.py:112} INFO - Jharkhand
[2020-06-02 18:12:02,561] {logging_mixin.py:112} INFO - Meghalaya
[2020-06-02 18:12:02,561] {logging_mixin.py:112} INFO - Delhi
[2020-06-02 18:12:02,561] {logging_mixin.py:112} INFO - Assam
[2020-06-02 18:12:02,561] {logging_mixin.py:112} INFO - Madhya Pradesh
[2020-06-02 18:12:02,561] {logging_mixin.py:112} INFO - Lakshadweep
[2020-06-02 18:12:02,561] {logging_mixin.py:112} INFO - Manipur
[2020-06-02 18:12:02,561] {logging_mixin.py:112} INFO - Rajasthan
[2020-06-02 18:12:02,561] {logging_mixin.py:112} INFO - Sikkim
[2020-06-02 18:12:02,561] {logging_mixin.py:112} INFO - West Bengal
[2020-06-02 18:12:02,561] {logging_mixin.py:112} INFO - Tripura
[2020-06-02 18:12:02,561] {logging_mixin.py:112} INFO - Uttarakhand
[2020-06-02 18:12:02,561] {logging_mixin.py:112} INFO - Andhra Pradesh
[2020-06-02 18:12:02,561] {logging_mixin.py:112} INFO - Himachal Pradesh
[2020-06-02 18:12:02,561] {logging_mixin.py:112} INFO - Nagaland
[2020-06-02 18:12:02,561] {logging_mixin.py:112} INFO - Gujarat
[2020-06-02 18:12:02,561] {logging_mixin.py:112} INFO - Arunachal Pradesh
[2020-06-02 18:12:02,562] {logging_mixin.py:112} INFO - Maharashtra
[2020-06-02 18:12:02,562] {logging_mixin.py:112} INFO - Dadra and Nagar Haveli and Daman and Diu
[2020-06-02 18:12:02,562] {logging_mixin.py:112} INFO - Telangana
[2020-06-02 18:12:02,562] {logging_mixin.py:112} INFO - Puducherry
[2020-06-02 18:12:02,562] {logging_mixin.py:112} INFO - Karnataka
[2020-06-02 18:12:02,562] {logging_mixin.py:112} INFO - Mizoram
[2020-06-02 18:12:02,562] {logging_mixin.py:112} INFO - Odisha
[2020-06-02 18:12:02,562] {logging_mixin.py:112} INFO - Uttar Pradesh
[2020-06-02 18:12:02,562] {logging_mixin.py:112} INFO - Andaman and Nicobar Islands
[2020-06-02 18:12:02,562] {logging_mixin.py:112} INFO - csv loaded successfully.
[2020-06-02 18:12:02,562] {logging_mixin.py:112} INFO - 2020-05-30T00:00:00+00:00
[2020-06-02 18:12:02,563] {python_operator.py:114} INFO - Done. Returned value was: None
[2020-06-02 18:12:02,566] {taskinstance.py:1048} INFO - Marking task as SUCCESS.dag_id=covid_dag_tra, task_id=covid_data, execution_date=20200530T000000, start_date=20200602T124201, end_date=20200602T124202
[2020-06-02 18:12:11,851] {logging_mixin.py:112} INFO - [2020-06-02 18:12:11,850] {local_task_job.py:103} INFO - Task exited with return code 0
