[2020-06-02 18:07:07,844] {taskinstance.py:655} INFO - Dependencies all met for <TaskInstance: covid_dag_tra.covid_data 2020-05-30T00:00:00+00:00 [queued]>
[2020-06-02 18:07:07,852] {taskinstance.py:655} INFO - Dependencies all met for <TaskInstance: covid_dag_tra.covid_data 2020-05-30T00:00:00+00:00 [queued]>
[2020-06-02 18:07:07,852] {taskinstance.py:866} INFO - 
--------------------------------------------------------------------------------
[2020-06-02 18:07:07,852] {taskinstance.py:867} INFO - Starting attempt 9 of 9
[2020-06-02 18:07:07,852] {taskinstance.py:868} INFO - 
--------------------------------------------------------------------------------
[2020-06-02 18:07:07,870] {taskinstance.py:887} INFO - Executing <Task(PythonOperator): covid_data> on 2020-05-30T00:00:00+00:00
[2020-06-02 18:07:07,872] {standard_task_runner.py:53} INFO - Started process 6379 to run task
[2020-06-02 18:07:07,931] {logging_mixin.py:112} INFO - Running %s on host %s <TaskInstance: covid_dag_tra.covid_data 2020-05-30T00:00:00+00:00 [running]> nineleaps
[2020-06-02 18:07:09,270] {taskinstance.py:1128} ERROR - string indices must be integers
Traceback (most recent call last):
  File "/usr/local/lib/python2.7/dist-packages/airflow/models/taskinstance.py", line 966, in _run_raw_task
    result = task_copy.execute(context=context)
  File "/usr/local/lib/python2.7/dist-packages/airflow/operators/python_operator.py", line 113, in execute
    return_value = self.execute_callable()
  File "/usr/local/lib/python2.7/dist-packages/airflow/operators/python_operator.py", line 118, in execute_callable
    return self.python_callable(*self.op_args, **self.op_kwargs)
  File "/home/nineleaps/airflow/dags/airflow_1.py", line 64, in get_covid_data
    csv_writer.writerow([context['execution_date'], i['State UT'], i[str(context['execution_date'])]])
TypeError: string indices must be integers
[2020-06-02 18:07:09,272] {taskinstance.py:1170} INFO - All retries failed; marking task as FAILED.dag_id=covid_dag_tra, task_id=covid_data, execution_date=20200530T000000, start_date=20200602T123707, end_date=20200602T123709
[2020-06-02 18:07:17,840] {logging_mixin.py:112} INFO - [2020-06-02 18:07:17,839] {local_task_job.py:103} INFO - Task exited with return code 1
